2016-05-15 20:03:10,912   ibmiotf.application.Client  CRITICAL Not authorized: (A:5wi6e0:aaacoolrobot, a-5wi6e0-y61mbltu4b, robot123 # generated by your IoT platform service when you add a device to it)
2016-05-15 20:03:20,668   ibmiotf.application.Client  CRITICAL Operation timed out connecting to the IBM Internet of Things service: 5wi6e0.messaging.internetofthings.ibmcloud.com
2016-05-15 20:09:39,764   ibmiotf.application.Client  CRITICAL Not authorized: (A:5wi6e0:aaacoolrobot, a-5wi6e0-y61mbltu4b, robot123 # generated by your IoT platform service when you add a device to it)
2016-05-15 20:09:49,526   ibmiotf.application.Client  CRITICAL Operation timed out connecting to the IBM Internet of Things service: 5wi6e0.messaging.internetofthings.ibmcloud.com
2016-05-15 20:10:47,804   ibmiotf.application.Client  CRITICAL Not authorized: (A:5wi6e0:aaacoolrobot, a-5wi6e0-y61mbltu4b, robot123)
2016-05-15 20:10:57,641   ibmiotf.application.Client  CRITICAL Operation timed out connecting to the IBM Internet of Things service: 5wi6e0.messaging.internetofthings.ibmcloud.com
2016-05-15 20:15:04,420   ibmiotf.application.Client  CRITICAL Not authorized: (A:5wi6e0:aaacoolrobot, a-5wi6e0-y61mbltu4b, robot123)
2016-05-15 20:15:14,196   ibmiotf.application.Client  CRITICAL Operation timed out connecting to the IBM Internet of Things service: 5wi6e0.messaging.internetofthings.ibmcloud.com
2016-05-15 20:18:04,732   ibmiotf.application.Client  CRITICAL Not authorized: (A:5wi6e0:aaacoolrobot, a-5wi6e0-xcc3oo8eep, robot123)
2016-05-15 20:18:14,477   ibmiotf.application.Client  CRITICAL Operation timed out connecting to the IBM Internet of Things service: 5wi6e0.messaging.internetofthings.ibmcloud.com
2016-05-15 20:22:29,781   ibmiotf.application.Client  CRITICAL Not authorized: (A:5wi6e0:aaacoolrobot, a-5wi6e0-xcc3oo8eep, robot123)
2016-05-15 20:22:39,606   ibmiotf.application.Client  CRITICAL Operation timed out connecting to the IBM Internet of Things service: 5wi6e0.messaging.internetofthings.ibmcloud.com
2016-05-15 20:23:06,541   ibmiotf.application.Client  CRITICAL Not authorized: (A:5wi6e0:aaacoolrobot, a-5wi6e0-xcc3oo8eep, robot123)
2016-05-15 20:24:18,946   ibmiotf.application.Client  CRITICAL Not authorized: (A:5wi6e0:aaacoolrobot, a-5wi6e0-xcc3oo8eep, robot123)
2016-05-15 20:24:28,789   ibmiotf.application.Client  CRITICAL Operation timed out connecting to the IBM Internet of Things service: 5wi6e0.messaging.internetofthings.ibmcloud.com
2016-05-15 20:45:45,474   ibmiotf.application.Client  CRITICAL Not authorized: (A:5wi6e0:aaacoolrobot, a-5wi6e0-6ddsyz5hgy, (8TA!muOFu0uT-wXYQ)
2016-05-15 20:45:54,237   ibmiotf.application.Client  CRITICAL Operation timed out connecting to the IBM Internet of Things service: 5wi6e0.messaging.internetofthings.ibmcloud.com
2016-05-15 20:46:08,325   ibmiotf.application.Client  CRITICAL Not authorized: (A:5wi6e0:aaacoolrobot, a-5wi6e0-6ddsyz5hgy, (8TA!muOFu0uT-wXYQ)
2016-05-15 20:46:17,167   ibmiotf.application.Client  CRITICAL Operation timed out connecting to the IBM Internet of Things service: 5wi6e0.messaging.internetofthings.ibmcloud.com
2016-05-15 20:50:01,278   ibmiotf.application.Client  CRITICAL Not authorized: (A:5wi6e0:aaacoolrobot, a-5wi6e0-6ddsyz5hgy, (8TA!muOFu0uT-wXYQ)
2016-05-15 20:50:11,020   ibmiotf.application.Client  CRITICAL Operation timed out connecting to the IBM Internet of Things service: 5wi6e0.messaging.internetofthings.ibmcloud.com
2016-05-16 18:22:09,936   ibmiotf.application.Client  INFO    Connected successfully: A:5wi6e0:aaacoolrobot
